mobile-app/android/admin-dpc/build/intermediates/manifest_merge_blame_file/release/manifest-merger-blame-release-report.txt
1<?xml version="1.0" encoding="utf-8"?>
2<manifest xmlns:android="http://schemas.android.com/apk/res/android"
3    package="com.securefinance.emilock.admin"
4    android:versionCode="1"
5    android:versionName="1.0" >
6
7    <uses-sdk
8        android:minSdkVersion="23"
9        android:targetSdkVersion="34" />
10
11    <uses-permission android:name="android.permission.INTERNET" />
11-->src/main/AndroidManifest.xml:4:5-67
11-->src/main/AndroidManifest.xml:4:22-64
12    <uses-permission android:name="android.permission.ACCESS_NETWORK_STATE" />
12-->src/main/AndroidManifest.xml:5:5-79
12-->src/main/AndroidManifest.xml:5:22-76
13    <uses-permission android:name="android.permission.REQUEST_INSTALL_PACKAGES" />
13-->src/main/AndroidManifest.xml:6:5-83
13-->src/main/AndroidManifest.xml:6:22-80
14    <uses-permission android:name="android.permission.QUERY_ALL_PACKAGES" />
14-->src/main/AndroidManifest.xml:7:5-77
14-->src/main/AndroidManifest.xml:7:22-74
15    <uses-permission android:name="android.permission.READ_PHONE_STATE" />
15-->src/main/AndroidManifest.xml:8:5-75
15-->src/main/AndroidManifest.xml:8:22-72
16
17    <permission
17-->[androidx.core:core:1.12.0] AndroidManifest.xml:22:5-24:47
18        android:name="com.securefinance.emilock.admin.DYNAMIC_RECEIVER_NOT_EXPORTED_PERMISSION"
18-->[androidx.core:core:1.12.0] AndroidManifest.xml:23:9-81
19        android:protectionLevel="signature" />
19-->[androidx.core:core:1.12.0] AndroidManifest.xml:24:9-44
20
21    <uses-permission android:name="com.securefinance.emilock.admin.DYNAMIC_RECEIVER_NOT_EXPORTED_PERMISSION" />
21-->[androidx.core:core:1.12.0] AndroidManifest.xml:26:5-97
21-->[androidx.core:core:1.12.0] AndroidManifest.xml:26:22-94
22
23    <application
23-->src/main/AndroidManifest.xml:10:5-33:19
24        android:allowBackup="false"
24-->src/main/AndroidManifest.xml:11:9-36
25        android:appComponentFactory="androidx.core.app.CoreComponentFactory"
25-->[androidx.core:core:1.12.0] AndroidManifest.xml:28:18-86
26        android:extractNativeLibs="false"
27        android:icon="@android:drawable/ic_lock_lock"
27-->src/main/AndroidManifest.xml:13:9-54
28        android:label="SecureFinance Admin"
28-->src/main/AndroidManifest.xml:12:9-44
29        android:theme="@android:style/Theme.NoDisplay"
29-->src/main/AndroidManifest.xml:15:9-55
30        android:usesCleartextTraffic="true" >
30-->src/main/AndroidManifest.xml:14:9-44
31
32        <!-- Device Admin Receiver: The CORE of the DPC -->
33        <receiver
33-->src/main/AndroidManifest.xml:18:9-31:20
34            android:name="com.securefinance.emilock.admin.AdminReceiver"
34-->src/main/AndroidManifest.xml:19:13-42
35            android:description="@string/app_name"
35-->src/main/AndroidManifest.xml:20:13-51
36            android:exported="true"
36-->src/main/AndroidManifest.xml:23:13-36
37            android:label="SecureFinance Admin"
37-->src/main/AndroidManifest.xml:21:13-48
38            android:permission="android.permission.BIND_DEVICE_ADMIN" >
38-->src/main/AndroidManifest.xml:22:13-70
39            <meta-data
39-->src/main/AndroidManifest.xml:24:13-26:56
40                android:name="android.app.device_admin"
40-->src/main/AndroidManifest.xml:25:17-56
41                android:resource="@xml/device_admin" />
41-->src/main/AndroidManifest.xml:26:17-53
42
43            <intent-filter>
43-->src/main/AndroidManifest.xml:27:13-30:29
44                <action android:name="android.app.action.DEVICE_ADMIN_ENABLED" />
44-->src/main/AndroidManifest.xml:28:17-82
44-->src/main/AndroidManifest.xml:28:25-79
45                <action android:name="android.app.action.PROFILE_PROVISIONING_COMPLETE" />
45-->src/main/AndroidManifest.xml:29:17-91
45-->src/main/AndroidManifest.xml:29:25-88
46            </intent-filter>
47        </receiver>
48    </application>
49
50</manifest>